<?xml version="1.0" encoding="UTF-8"?>
<testsuite name="QueueTest" tests="3" skipped="0" failures="0" errors="0" timestamp="2017-12-04T08:08:52" hostname="localhost.localdomain" time="0.003">
  <properties/>
  <testcase name="test_frontValue" classname="QueueTest" time="0.002"/>
  <testcase name="test_dequeue" classname="QueueTest" time="0.0"/>
  <testcase name="test_enqueue" classname="QueueTest" time="0.001"/>
  <system-out><![CDATA[]]></system-out>
  <system-err><![CDATA[]]></system-err>
</testsuite>
